<?xml version="1.0" encoding="UTF-8"?>
<testng-results ignored="0" total="1" passed="1" failed="0" skipped="0">
  <reporter-output>
  </reporter-output>
  <suite started-at="2024-05-08T13:33:47Z" name="Default suite" finished-at="2024-05-08T13:34:04Z" duration-ms="16119">
    <groups>
    </groups>
    <test started-at="2024-05-08T13:33:47Z" name="Default test" finished-at="2024-05-08T13:34:04Z" duration-ms="16119">
      <class name="go.games.selenium.test.TestScript">
        <test-method signature="testAddingToy()[pri:0, instance:go.games.selenium.test.TestScript@1efe439d]" started-at="2024-05-08T19:33:47Z" name="testAddingToy" finished-at="2024-05-08T19:34:04Z" duration-ms="16100" status="PASS">
          <reporter-output>
          </reporter-output>
        </test-method> <!-- testAddingToy -->
      </class> <!-- go.games.selenium.test.TestScript -->
    </test> <!-- Default test -->
  </suite> <!-- Default suite -->
</testng-results>
